        -:    0:Source:main.c
        -:    0:Graph:main.gcno
        -:    0:Data:main.gcda
        -:    0:Runs:2
        -:    0:Programs:1
        -:    1:#include <stdio.h>
        -:    2:#include <math.h>
        -:    3:
        -:    4:float f(float x);
        -:    5:
        2:    6:int main()
        -:    7:{
        2:    8:    printf("input x and eps(separated with space): ");
        -:    9:    float x, eps;
        2:   10:    scanf("%f%f", &x, &eps);
        -:   11:
        2:   12:    float s = x;
        2:   13:    int index = 3;
        5:   14:    while ( fabs(s > eps) )
        -:   15:    {
        1:   16:        s -= pow(x, index)/index;
        1:   17:        index += 2;
        -:   18:    }
        2:   19:    printf("S(x) result: %.3f\n", s);
        2:   20:    printf("f(x) result: %.3f\n\n", f(x));
        2:   21:    printf("Absolute error: %.3f\n", fabs( f(x) - s) );
        2:   22:    printf("Relative error: %.3f", fabs( (f(x) - s) / f(x)) );
        -:   23:}
        -:   24:
        8:   25:float f(float x)
        -:   26:{
        8:   27:    return atan(x);
        -:   28:}
