        -:    0:Source:main.c
        -:    0:Graph:main.gcno
        -:    0:Data:main.gcda
        -:    0:Runs:5
        -:    0:Programs:1
        -:    1:#include <stdio.h>
        -:    2:#include <math.h>
        -:    3:
        -:    4:float f(float x);
        -:    5:
        5:    6:int main()
        -:    7:{
        5:    8:    printf("input x and eps(separated with space): ");
        -:    9:    float x, eps;
        5:   10:    if (scanf("%f%f", &x, &eps) && eps < 1.0 && fabs(x) <= 1)
        3:   11:	{
        3:   12:		float s = x;
        3:   13:		float t = x;
        3:   14:		int index = 3;
        3:   15:		int flag = 1;
100000016:   16:		while ( fabs(t) > eps )
        -:   17:		{
100000010:   18:			t = (pow(x, index)/index) * flag;
100000010:   19:			s -= t;
100000010:   20:			flag = flag * (-1);
100000010:   21:			index += 2;
        -:   22:		}
        3:   23:		printf("S(x) result: %.3f\n", s);
        3:   24:		printf("f(x) result: %.3f\n\n", f(x));
        3:   25:		printf("Absolute error: %.3f\n", fabs( f(x) - s) );
        3:   26:		printf("Relative error: %.3f", fabs( (f(x) - s) / f(x)) );
        -:   27:	}
        -:   28:	else
        2:   29:		printf("Error!Check your input.");
        -:   30:}
        -:   31:
       12:   32:float f(float x)
        -:   33:{
       12:   34:    return atan(x);
        -:   35:}
